
**** Build of configuration Debug for project TestBoardFirmware ****

"C:\\ti\\ccs930\\ccs\\utils\\bin\\gmake" -k -j 8 all -O 
 
Building file: "../main.c"
Invoking: ARM Compiler
"C:/ti/ccs930/ccs/tools/compiler/ti-cgt-arm_18.12.4.LTS/bin/armcl" -mv7R4 --code_state=32 --float_support=VFPv3D16 --include_path="C:/Users/Rafael/OneDrive - Simon Fraser University (1sfu)/Documents/TestBoardFirmware/TestBoardFirmware/phantom_drivers/bms/include" --include_path="C:/Users/Rafael/OneDrive - Simon Fraser University (1sfu)/Documents/TestBoardFirmware/TestBoardFirmware/include" --include_path="C:/Users/Rafael/OneDrive - Simon Fraser University (1sfu)/Documents/TestBoardFirmware/TestBoardFirmware/phantom_drivers/common/include" --include_path="C:/Users/Rafael/OneDrive - Simon Fraser University (1sfu)/Documents/TestBoardFirmware/TestBoardFirmware/phantom_drivers/vcu/include" --include_path="C:/Users/Rafael/OneDrive - Simon Fraser University (1sfu)/Documents/TestBoardFirmware/TestBoardFirmware" --include_path="C:/Users/Rafael/OneDrive - Simon Fraser University (1sfu)/Documents/TestBoardFirmware/TestBoardFirmware/third_party/tiny-json" --include_path="C:/ti/ccs930/ccs/tools/compiler/ti-cgt-arm_18.12.4.LTS/include" -g --diag_suppress=190 --diag_warning=225 --diag_wrap=off --display_error_number --enum_type=packed --abi=eabi --preproc_with_compile --preproc_dependency="main.d_raw"  "../main.c"
 
>> Compilation failure
subdir_rules.mk:9: recipe for target 'main.obj' failed
"../main.c", line 36: error #17: expected a "]"
"../main.c", line 36: warning #262-D: explicit type is missing ("int" assumed)
"../main.c", line 36: error #171: expected a declaration
"../main.c", line 52: error #18: expected a ")"
"../main.c", line 52: error #18: expected a ")"
"../main.c", line 52: error #18: expected a ")"
"../main.c", line 52: error #18: expected a ")"
"../main.c", line 52: error #167: too few arguments in function call
"../main.c", line 52: error #18: expected a ")"
"../main.c", line 48: warning #515-D: a value of type "TimerHandle_t" cannot be assigned to an entity of type "int"
"../main.c", line 52: error #29: expected an expression
"../main.c", line 60: warning #12-D: parsing restarts here after previous syntax error
"../main.c", line 103: warning #179-D: variable "i" was declared but never referenced
"../main.c", line 167: warning #121-D: return value type does not match the function type
"../main.c", line 174: warning #179-D: function "bms_mode_process" was declared but never referenced
"../main.c", line 46: warning #179-D: function "timerInit" was declared but never referenced
"../main.c", line 36: warning #552-D: variable "xTimers" was set but never used
9 errors detected in the compilation of "../main.c".
gmake: *** [main.obj] Error 1
Building file: "../phantom_drivers/vcu/source/bse.c"
Invoking: ARM Compiler
"C:/ti/ccs930/ccs/tools/compiler/ti-cgt-arm_18.12.4.LTS/bin/armcl" -mv7R4 --code_state=32 --float_support=VFPv3D16 --include_path="C:/Users/Rafael/OneDrive - Simon Fraser University (1sfu)/Documents/TestBoardFirmware/TestBoardFirmware/phantom_drivers/bms/include" --include_path="C:/Users/Rafael/OneDrive - Simon Fraser University (1sfu)/Documents/TestBoardFirmware/TestBoardFirmware/include" --include_path="C:/Users/Rafael/OneDrive - Simon Fraser University (1sfu)/Documents/TestBoardFirmware/TestBoardFirmware/phantom_drivers/common/include" --include_path="C:/Users/Rafael/OneDrive - Simon Fraser University (1sfu)/Documents/TestBoardFirmware/TestBoardFirmware/phantom_drivers/vcu/include" --include_path="C:/Users/Rafael/OneDrive - Simon Fraser University (1sfu)/Documents/TestBoardFirmware/TestBoardFirmware" --include_path="C:/Users/Rafael/OneDrive - Simon Fraser University (1sfu)/Documents/TestBoardFirmware/TestBoardFirmware/third_party/tiny-json" --include_path="C:/ti/ccs930/ccs/tools/compiler/ti-cgt-arm_18.12.4.LTS/include" -g --diag_suppress=190 --diag_warning=225 --diag_wrap=off --display_error_number --enum_type=packed --abi=eabi --preproc_with_compile --preproc_dependency="phantom_drivers/vcu/source/bse.d_raw" --obj_directory="phantom_drivers/vcu/source"  "../phantom_drivers/vcu/source/bse.c"
Finished building: "../phantom_drivers/vcu/source/bse.c"
 
gmake: Target 'all' not remade because of errors.

**** Build Finished ****
